#
# There is insufficient memory for the Java Runtime Environment to continue.
# Cannot create GC thread. Out of system resources.
# Possible reasons:
#   The system is out of physical RAM or swap space
#   In 32 bit mode, the process size limit was hit
# Possible solutions:
#   Reduce memory load on the system
#   Increase physical memory or swap space
#   Check if swap backing store is full
#   Use 64 bit Java on a 64 bit OS
#   Decrease Java heap size (-Xmx/-Xms)
#   Decrease number of Java threads
#   Decrease Java thread stack sizes (-Xss)
#   Set larger code cache with -XX:ReservedCodeCacheSize=
# This output file may be truncated or incomplete.
#
#  Out of Memory Error (gcTaskThread.cpp:48), pid=2286, tid=0x00007f97646ed700
#
# JRE version:  (8.0_111-b14) (build )
# Java VM: Java HotSpot(TM) 64-Bit Server VM (25.111-b14 mixed mode linux-amd64 compressed oops)
# Failed to write core dump. Core dumps have been disabled. To enable core dumping, try "ulimit -c unlimited" before starting Java again
#

---------------  T H R E A D  ---------------

Current thread (0x00007f975c009800):  JavaThread "Unknown thread" [_thread_in_vm, id=2288, stack(0x00007f97645ed000,0x00007f97646ee000)]

Stack: [0x00007f97645ed000,0x00007f97646ee000],  sp=0x00007f97646ec5f0,  free space=1021k
Native frames: (J=compiled Java code, j=interpreted, Vv=VM code, C=native code)
V  [libjvm.so+0xac5c2a]  VMError::report_and_die()+0x2ba
V  [libjvm.so+0x4fc50b]  report_vm_out_of_memory(char const*, int, unsigned long, VMErrorType, char const*)+0x8b
V  [libjvm.so+0x5d6e8f]  GCTaskThread::GCTaskThread(GCTaskManager*, unsigned int, unsigned int)+0x15f
V  [libjvm.so+0x5d5c4b]  GCTaskManager::initialize()+0x3ab
V  [libjvm.so+0x94600d]  ParallelScavengeHeap::initialize()+0x34d
V  [libjvm.so+0xa8dd53]  Universe::initialize_heap()+0xf3
V  [libjvm.so+0xa8e2be]  universe_init()+0x3e
V  [libjvm.so+0x63c925]  init_globals()+0x65
V  [libjvm.so+0xa719be]  Threads::create_vm(JavaVMInitArgs*, bool*)+0x23e
V  [libjvm.so+0x6d11c4]  JNI_CreateJavaVM+0x74
C  [libjli.so+0x745e]  JavaMain+0x9e
C  [libpthread.so.0+0x76fa]  start_thread+0xca


---------------  P R O C E S S  ---------------

Java Threads: ( => current thread )

Other Threads:

=>0x00007f975c009800 (exited) JavaThread "Unknown thread" [_thread_in_vm, id=2288, stack(0x00007f97645ed000,0x00007f97646ee000)]

VM state:not at safepoint (not fully initialized)

VM Mutex/Monitor currently owned by a thread: None

GC Heap History (0 events):
No events

Deoptimization events (0 events):
No events

Internal exceptions (0 events):
No events

Events (0 events):
No events


Dynamic libraries:
00400000-00401000 r-xp 00000000 08:03 4851635                            /usr/lib/jvm/java-8-oracle/jre/bin/java
00600000-00601000 rw-p 00000000 08:03 4851635                            /usr/lib/jvm/java-8-oracle/jre/bin/java
00c56000-00c77000 rw-p 00000000 00:00 0                                  [heap]
a3800000-a7700000 rw-p 00000000 00:00 0 
a7700000-e1300000 ---p 00000000 00:00 0 
e1300000-e3200000 rw-p 00000000 00:00 0 
e3200000-100000000 ---p 00000000 00:00 0 
7f974d000000-7f974d270000 rwxp 00000000 00:00 0 
7f974d270000-7f975c000000 ---p 00000000 00:00 0 
7f975c000000-7f975c039000 rw-p 00000000 00:00 0 
7f975c039000-7f9760000000 ---p 00000000 00:00 0 
7f9760b36000-7f9760dbd000 rw-p 00000000 00:00 0 
7f9760dbd000-7f9760dbe000 ---p 00000000 00:00 0 
7f9760dbe000-7f9760ede000 rw-p 00000000 00:00 0 
7f9760ede000-7f97610ac000 ---p 00000000 00:00 0 
7f97610ac000-7f97610cc000 rw-p 00000000 00:00 0 
7f97610cc000-7f9761299000 ---p 00000000 00:00 0 
7f9761299000-7f97612a9000 rw-p 00000000 00:00 0 
7f97612a9000-7f9761390000 ---p 00000000 00:00 0 
7f9761390000-7f976139b000 rw-p 00000000 00:00 0 
7f976139b000-7f9761751000 ---p 00000000 00:00 0 
7f9761751000-7f976176b000 r-xp 00000000 08:03 4720462                    /usr/lib/jvm/java-8-oracle/jre/lib/amd64/libzip.so
7f976176b000-7f976196b000 ---p 0001a000 08:03 4720462                    /usr/lib/jvm/java-8-oracle/jre/lib/amd64/libzip.so
7f976196b000-7f976196c000 rw-p 0001a000 08:03 4720462                    /usr/lib/jvm/java-8-oracle/jre/lib/amd64/libzip.so
7f976196c000-7f9761977000 r-xp 00000000 08:03 9441840                    /lib/x86_64-linux-gnu/libnss_files-2.23.so
7f9761977000-7f9761b76000 ---p 0000b000 08:03 9441840                    /lib/x86_64-linux-gnu/libnss_files-2.23.so
7f9761b76000-7f9761b77000 r--p 0000a000 08:03 9441840                    /lib/x86_64-linux-gnu/libnss_files-2.23.so
7f9761b77000-7f9761b78000 rw-p 0000b000 08:03 9441840                    /lib/x86_64-linux-gnu/libnss_files-2.23.so
7f9761b78000-7f9761b7e000 rw-p 00000000 00:00 0 
7f9761b7e000-7f9761b89000 r-xp 00000000 08:03 9441850                    /lib/x86_64-linux-gnu/libnss_nis-2.23.so
7f9761b89000-7f9761d88000 ---p 0000b000 08:03 9441850                    /lib/x86_64-linux-gnu/libnss_nis-2.23.so
7f9761d88000-7f9761d89000 r--p 0000a000 08:03 9441850                    /lib/x86_64-linux-gnu/libnss_nis-2.23.so
7f9761d89000-7f9761d8a000 rw-p 0000b000 08:03 9441850                    /lib/x86_64-linux-gnu/libnss_nis-2.23.so
7f9761d8a000-7f9761da0000 r-xp 00000000 08:03 9441834                    /lib/x86_64-linux-gnu/libnsl-2.23.so
7f9761da0000-7f9761f9f000 ---p 00016000 08:03 9441834                    /lib/x86_64-linux-gnu/libnsl-2.23.so
7f9761f9f000-7f9761fa0000 r--p 00015000 08:03 9441834                    /lib/x86_64-linux-gnu/libnsl-2.23.so
7f9761fa0000-7f9761fa1000 rw-p 00016000 08:03 9441834                    /lib/x86_64-linux-gnu/libnsl-2.23.so
7f9761fa1000-7f9761fa3000 rw-p 00000000 00:00 0 
7f9761fa3000-7f9761fab000 r-xp 00000000 08:03 9441836                    /lib/x86_64-linux-gnu/libnss_compat-2.23.so
7f9761fab000-7f97621aa000 ---p 00008000 08:03 9441836                    /lib/x86_64-linux-gnu/libnss_compat-2.23.so
7f97621aa000-7f97621ab000 r--p 00007000 08:03 9441836                    /lib/x86_64-linux-gnu/libnss_compat-2.23.so
7f97621ab000-7f97621ac000 rw-p 00008000 08:03 9441836                    /lib/x86_64-linux-gnu/libnss_compat-2.23.so
7f97621ac000-7f97621d7000 r-xp 00000000 08:03 4720496                    /usr/lib/jvm/java-8-oracle/jre/lib/amd64/libjava.so
7f97621d7000-7f97623d6000 ---p 0002b000 08:03 4720496                    /usr/lib/jvm/java-8-oracle/jre/lib/amd64/libjava.so
7f97623d6000-7f97623d8000 rw-p 0002a000 08:03 4720496                    /usr/lib/jvm/java-8-oracle/jre/lib/amd64/libjava.so
7f97623d8000-7f97623e5000 r-xp 00000000 08:03 4720436                    /usr/lib/jvm/java-8-oracle/jre/lib/amd64/libverify.so
7f97623e5000-7f97625e4000 ---p 0000d000 08:03 4720436                    /usr/lib/jvm/java-8-oracle/jre/lib/amd64/libverify.so
7f97625e4000-7f97625e6000 rw-p 0000c000 08:03 4720436                    /usr/lib/jvm/java-8-oracle/jre/lib/amd64/libverify.so
7f97625e6000-7f97625ed000 r-xp 00000000 08:03 9441895                    /lib/x86_64-linux-gnu/librt-2.23.so
7f97625ed000-7f97627ec000 ---p 00007000 08:03 9441895                    /lib/x86_64-linux-gnu/librt-2.23.so
7f97627ec000-7f97627ed000 r--p 00006000 08:03 9441895                    /lib/x86_64-linux-gnu/librt-2.23.so
7f97627ed000-7f97627ee000 rw-p 00007000 08:03 9441895                    /lib/x86_64-linux-gnu/librt-2.23.so
7f97627ee000-7f97628f6000 r-xp 00000000 08:03 9441811                    /lib/x86_64-linux-gnu/libm-2.23.so
7f97628f6000-7f9762af5000 ---p 00108000 08:03 9441811                    /lib/x86_64-linux-gnu/libm-2.23.so
7f9762af5000-7f9762af6000 r--p 00107000 08:03 9441811                    /lib/x86_64-linux-gnu/libm-2.23.so
7f9762af6000-7f9762af7000 rw-p 00108000 08:03 9441811                    /lib/x86_64-linux-gnu/libm-2.23.so
7f9762af7000-7f97637c4000 r-xp 00000000 08:03 4720500                    /usr/lib/jvm/java-8-oracle/jre/lib/amd64/server/libjvm.so
7f97637c4000-7f97639c3000 ---p 00ccd000 08:03 4720500                    /usr/lib/jvm/java-8-oracle/jre/lib/amd64/server/libjvm.so
7f97639c3000-7f9763a9c000 rw-p 00ccc000 08:03 4720500                    /usr/lib/jvm/java-8-oracle/jre/lib/amd64/server/libjvm.so
7f9763a9c000-7f9763ae7000 rw-p 00000000 00:00 0 
7f9763ae7000-7f9763ca7000 r-xp 00000000 08:03 9441741                    /lib/x86_64-linux-gnu/libc-2.23.so
7f9763ca7000-7f9763ea6000 ---p 001c0000 08:03 9441741                    /lib/x86_64-linux-gnu/libc-2.23.so
7f9763ea6000-7f9763eaa000 r--p 001bf000 08:03 9441741                    /lib/x86_64-linux-gnu/libc-2.23.so
7f9763eaa000-7f9763eac000 rw-p 001c3000 08:03 9441741                    /lib/x86_64-linux-gnu/libc-2.23.so
7f9763eac000-7f9763eb0000 rw-p 00000000 00:00 0 
7f9763eb0000-7f9763eb3000 r-xp 00000000 08:03 9441765                    /lib/x86_64-linux-gnu/libdl-2.23.so
7f9763eb3000-7f97640b2000 ---p 00003000 08:03 9441765                    /lib/x86_64-linux-gnu/libdl-2.23.so
7f97640b2000-7f97640b3000 r--p 00002000 08:03 9441765                    /lib/x86_64-linux-gnu/libdl-2.23.so
7f97640b3000-7f97640b4000 rw-p 00003000 08:03 9441765                    /lib/x86_64-linux-gnu/libdl-2.23.so
7f97640b4000-7f97640c9000 r-xp 00000000 08:03 4720485                    /usr/lib/jvm/java-8-oracle/jre/lib/amd64/jli/libjli.so
7f97640c9000-7f97642c9000 ---p 00015000 08:03 4720485                    /usr/lib/jvm/java-8-oracle/jre/lib/amd64/jli/libjli.so
7f97642c9000-7f97642ca000 rw-p 00015000 08:03 4720485                    /usr/lib/jvm/java-8-oracle/jre/lib/amd64/jli/libjli.so
7f97642ca000-7f97642e2000 r-xp 00000000 08:03 9441887                    /lib/x86_64-linux-gnu/libpthread-2.23.so
7f97642e2000-7f97644e1000 ---p 00018000 08:03 9441887                    /lib/x86_64-linux-gnu/libpthread-2.23.so
7f97644e1000-7f97644e2000 r--p 00017000 08:03 9441887                    /lib/x86_64-linux-gnu/libpthread-2.23.so
7f97644e2000-7f97644e3000 rw-p 00018000 08:03 9441887                    /lib/x86_64-linux-gnu/libpthread-2.23.so
7f97644e3000-7f97644e7000 rw-p 00000000 00:00 0 
7f97644e7000-7f976450d000 r-xp 00000000 08:03 9441713                    /lib/x86_64-linux-gnu/ld-2.23.so
7f97645ed000-7f97645f0000 ---p 00000000 00:00 0 
7f97645f0000-7f97646f2000 rw-p 00000000 00:00 0 
7f9764700000-7f9764708000 rw-s 00000000 08:03 2490596                    /tmp/hsperfdata_ashmeet/2286
7f9764708000-7f9764709000 rw-p 00000000 00:00 0 
7f9764709000-7f976470a000 r--p 00000000 00:00 0 
7f976470a000-7f976470c000 rw-p 00000000 00:00 0 
7f976470c000-7f976470d000 r--p 00025000 08:03 9441713                    /lib/x86_64-linux-gnu/ld-2.23.so
7f976470d000-7f976470e000 rw-p 00026000 08:03 9441713                    /lib/x86_64-linux-gnu/ld-2.23.so
7f976470e000-7f976470f000 rw-p 00000000 00:00 0 
7fff5a57d000-7fff5a59e000 rw-p 00000000 00:00 0                          [stack]
7fff5a5ab000-7fff5a5ad000 r--p 00000000 00:00 0                          [vvar]
7fff5a5ad000-7fff5a5af000 r-xp 00000000 00:00 0                          [vdso]
ffffffffff600000-ffffffffff601000 r-xp 00000000 00:00 0                  [vsyscall]

VM Arguments:
java_command: <unknown>
java_class_path (initial): .
Launcher Type: SUN_STANDARD

Environment Variables:
JAVA_HOME=/usr/lib/jvm/java-8-oracle
PATH=/usr/local/sbin:/usr/local/bin:/usr/sbin:/usr/bin:/sbin:/bin:/usr/games:/usr/local/games:/snap/bin:/usr/lib/jvm/java-8-oracle/bin:/usr/lib/jvm/java-8-oracle/db/bin:/usr/lib/jvm/java-8-oracle/jre/bin
LD_LIBRARY_PATH=/usr/lib/jvm/java-8-oracle/jre/lib/amd64:/usr/lib/jvm/java-8-oracle/jre/lib/i386:
SHELL=/bin/bash
DISPLAY=:0

Signal Handlers:
SIGSEGV: [libjvm.so+0xac64b0], sa_mask[0]=11111111011111111101111111111110, sa_flags=SA_RESTART|SA_SIGINFO
SIGBUS: [libjvm.so+0xac64b0], sa_mask[0]=11111111011111111101111111111110, sa_flags=SA_RESTART|SA_SIGINFO
SIGFPE: [libjvm.so+0x91f950], sa_mask[0]=11111111011111111101111111111110, sa_flags=SA_RESTART|SA_SIGINFO
SIGPIPE: [libjvm.so+0x91f950], sa_mask[0]=11111111011111111101111111111110, sa_flags=SA_RESTART|SA_SIGINFO
SIGXFSZ: [libjvm.so+0x91f950], sa_mask[0]=11111111011111111101111111111110, sa_flags=SA_RESTART|SA_SIGINFO
SIGILL: [libjvm.so+0x91f950], sa_mask[0]=11111111011111111101111111111110, sa_flags=SA_RESTART|SA_SIGINFO
SIGUSR1: SIG_DFL, sa_mask[0]=00000000000000000000000000000000, sa_flags=none
SIGUSR2: [libjvm.so+0x920f80], sa_mask[0]=00100000000000000000000000000000, sa_flags=SA_RESTART|SA_SIGINFO
SIGHUP: SIG_DFL, sa_mask[0]=00000000000000000000000000000000, sa_flags=none
SIGINT: SIG_IGN, sa_mask[0]=00000000000000000000000000000000, sa_flags=none
SIGTERM: SIG_DFL, sa_mask[0]=00000000000000000000000000000000, sa_flags=none
SIGQUIT: SIG_DFL, sa_mask[0]=00000000000000000000000000000000, sa_flags=none


---------------  S Y S T E M  ---------------

OS:DISTRIB_ID=Ubuntu
DISTRIB_RELEASE=16.04
DISTRIB_CODENAME=xenial
DISTRIB_DESCRIPTION="Ubuntu 16.04.1 LTS"

uname:Linux 4.4.0-45-generic #66-Ubuntu SMP Wed Oct 19 14:12:37 UTC 2016 x86_64
libc:glibc 2.23 NPTL 2.23 
rlimit: STACK 8192k, CORE 0k, NPROC 23502, NOFILE 65536, AS infinity
load average:0.77 0.63 0.75

/proc/meminfo:
MemTotal:        6056748 kB
MemFree:         2060440 kB
MemAvailable:    3135328 kB
Buffers:           84572 kB
Cached:          1499952 kB
SwapCached:            0 kB
Active:          2582432 kB
Inactive:         935784 kB
Active(anon):    1937184 kB
Inactive(anon):   338424 kB
Active(file):     645248 kB
Inactive(file):   597360 kB
Unevictable:          32 kB
Mlocked:              32 kB
SwapTotal:             0 kB
SwapFree:              0 kB
Dirty:              1692 kB
Writeback:             0 kB
AnonPages:       1933756 kB
Mapped:           230248 kB
Shmem:            341920 kB
Slab:             177612 kB
SReclaimable:      92256 kB
SUnreclaim:        85356 kB
KernelStack:      199488 kB
PageTables:        55540 kB
NFS_Unstable:          0 kB
Bounce:                0 kB
WritebackTmp:          0 kB
CommitLimit:     3028372 kB
Committed_AS:   17533000 kB
VmallocTotal:   34359738367 kB
VmallocUsed:           0 kB
VmallocChunk:          0 kB
HardwareCorrupted:     0 kB
AnonHugePages:   1132544 kB
CmaTotal:              0 kB
CmaFree:               0 kB
HugePages_Total:       0
HugePages_Free:        0
HugePages_Rsvd:        0
HugePages_Surp:        0
Hugepagesize:       2048 kB
DirectMap4k:      110848 kB
DirectMap2M:     6127616 kB


CPU:total 4 (2 cores per cpu, 2 threads per core) family 6 model 42 stepping 7, cmov, cx8, fxsr, mmx, sse, sse2, sse3, ssse3, sse4.1, sse4.2, popcnt, avx, aes, clmul, ht, tsc, tscinvbit

/proc/cpuinfo:
processor	: 0
vendor_id	: GenuineIntel
cpu family	: 6
model		: 42
model name	: Intel(R) Core(TM) i5-2410M CPU @ 2.30GHz
stepping	: 7
microcode	: 0x29
cpu MHz		: 2699.984
cache size	: 3072 KB
physical id	: 0
siblings	: 4
core id		: 0
cpu cores	: 2
apicid		: 0
initial apicid	: 0
fpu		: yes
fpu_exception	: yes
cpuid level	: 13
wp		: yes
flags		: fpu vme de pse tsc msr pae mce cx8 apic sep mtrr pge mca cmov pat pse36 clflush dts acpi mmx fxsr sse sse2 ss ht tm pbe syscall nx rdtscp lm constant_tsc arch_perfmon pebs bts rep_good nopl xtopology nonstop_tsc aperfmperf eagerfpu pni pclmulqdq dtes64 monitor ds_cpl vmx est tm2 ssse3 cx16 xtpr pdcm pcid sse4_1 sse4_2 x2apic popcnt tsc_deadline_timer aes xsave avx lahf_lm epb tpr_shadow vnmi flexpriority ept vpid xsaveopt dtherm ida arat pln pts
bugs		:
bogomips	: 4589.60
clflush size	: 64
cache_alignment	: 64
address sizes	: 36 bits physical, 48 bits virtual
power management:

processor	: 1
vendor_id	: GenuineIntel
cpu family	: 6
model		: 42
model name	: Intel(R) Core(TM) i5-2410M CPU @ 2.30GHz
stepping	: 7
microcode	: 0x29
cpu MHz		: 2699.984
cache size	: 3072 KB
physical id	: 0
siblings	: 4
core id		: 0
cpu cores	: 2
apicid		: 1
initial apicid	: 1
fpu		: yes
fpu_exception	: yes
cpuid level	: 13
wp		: yes
flags		: fpu vme de pse tsc msr pae mce cx8 apic sep mtrr pge mca cmov pat pse36 clflush dts acpi mmx fxsr sse sse2 ss ht tm pbe syscall nx rdtscp lm constant_tsc arch_perfmon pebs bts rep_good nopl xtopology nonstop_tsc aperfmperf eagerfpu pni pclmulqdq dtes64 monitor ds_cpl vmx est tm2 ssse3 cx16 xtpr pdcm pcid sse4_1 sse4_2 x2apic popcnt tsc_deadline_timer aes xsave avx lahf_lm epb tpr_shadow vnmi flexpriority ept vpid xsaveopt dtherm ida arat pln pts
bugs		:
bogomips	: 4589.60
clflush size	: 64
cache_alignment	: 64
address sizes	: 36 bits physical, 48 bits virtual
power management:

processor	: 2
vendor_id	: GenuineIntel
cpu family	: 6
model		: 42
model name	: Intel(R) Core(TM) i5-2410M CPU @ 2.30GHz
stepping	: 7
microcode	: 0x29
cpu MHz		: 2699.984
cache size	: 3072 KB
physical id	: 0
siblings	: 4
core id		: 1
cpu cores	: 2
apicid		: 2
initial apicid	: 2
fpu		: yes
fpu_exception	: yes
cpuid level	: 13
wp		: yes
flags		: fpu vme de pse tsc msr pae mce cx8 apic sep mtrr pge mca cmov pat pse36 clflush dts acpi mmx fxsr sse sse2 ss ht tm pbe syscall nx rdtscp lm constant_tsc arch_perfmon pebs bts rep_good nopl xtopology nonstop_tsc aperfmperf eagerfpu pni pclmulqdq dtes64 monitor ds_cpl vmx est tm2 ssse3 cx16 xtpr pdcm pcid sse4_1 sse4_2 x2apic popcnt tsc_deadline_timer aes xsave avx lahf_lm epb tpr_shadow vnmi flexpriority ept vpid xsaveopt dtherm ida arat pln pts
bugs		:
bogomips	: 4589.60
clflush size	: 64
cache_alignment	: 64
address sizes	: 36 bits physical, 48 bits virtual
power management:

processor	: 3
vendor_id	: GenuineIntel
cpu family	: 6
model		: 42
model name	: Intel(R) Core(TM) i5-2410M CPU @ 2.30GHz
stepping	: 7
microcode	: 0x29
cpu MHz		: 2699.984
cache size	: 3072 KB
physical id	: 0
siblings	: 4
core id		: 1
cpu cores	: 2
apicid		: 3
initial apicid	: 3
fpu		: yes
fpu_exception	: yes
cpuid level	: 13
wp		: yes
flags		: fpu vme de pse tsc msr pae mce cx8 apic sep mtrr pge mca cmov pat pse36 clflush dts acpi mmx fxsr sse sse2 ss ht tm pbe syscall nx rdtscp lm constant_tsc arch_perfmon pebs bts rep_good nopl xtopology nonstop_tsc aperfmperf eagerfpu pni pclmulqdq dtes64 monitor ds_cpl vmx est tm2 ssse3 cx16 xtpr pdcm pcid sse4_1 sse4_2 x2apic popcnt tsc_deadline_timer aes xsave avx lahf_lm epb tpr_shadow vnmi flexpriority ept vpid xsaveopt dtherm ida arat pln pts
bugs		:
bogomips	: 4589.60
clflush size	: 64
cache_alignment	: 64
address sizes	: 36 bits physical, 48 bits virtual
power management:



Memory: 4k page, physical 6056748k(2060440k free), swap 0k(0k free)

vm_info: Java HotSpot(TM) 64-Bit Server VM (25.111-b14) for linux-amd64 JRE (1.8.0_111-b14), built on Sep 22 2016 16:14:03 by "java_re" with gcc 4.3.0 20080428 (Red Hat 4.3.0-8)

time: Sun Oct 30 09:18:36 2016
elapsed time: 0 seconds (0d 0h 0m 0s)

