#
# There is insufficient memory for the Java Runtime Environment to continue.
# Cannot create GC thread. Out of system resources.
# Possible reasons:
#   The system is out of physical RAM or swap space
#   In 32 bit mode, the process size limit was hit
# Possible solutions:
#   Reduce memory load on the system
#   Increase physical memory or swap space
#   Check if swap backing store is full
#   Use 64 bit Java on a 64 bit OS
#   Decrease Java heap size (-Xmx/-Xms)
#   Decrease number of Java threads
#   Decrease Java thread stack sizes (-Xss)
#   Set larger code cache with -XX:ReservedCodeCacheSize=
# This output file may be truncated or incomplete.
#
#  Out of Memory Error (gcTaskThread.cpp:48), pid=16114, tid=0x00007f0b9569a700
#
# JRE version:  (8.0_111-b14) (build )
# Java VM: Java HotSpot(TM) 64-Bit Server VM (25.111-b14 mixed mode linux-amd64 compressed oops)
# Failed to write core dump. Core dumps have been disabled. To enable core dumping, try "ulimit -c unlimited" before starting Java again
#

---------------  T H R E A D  ---------------

Current thread (0x00007f0b8c009800):  JavaThread "Unknown thread" [_thread_in_vm, id=16118, stack(0x00007f0b9559a000,0x00007f0b9569b000)]

Stack: [0x00007f0b9559a000,0x00007f0b9569b000],  sp=0x00007f0b956995f0,  free space=1021k
Native frames: (J=compiled Java code, j=interpreted, Vv=VM code, C=native code)
V  [libjvm.so+0xac5c2a]  VMError::report_and_die()+0x2ba
V  [libjvm.so+0x4fc50b]  report_vm_out_of_memory(char const*, int, unsigned long, VMErrorType, char const*)+0x8b
V  [libjvm.so+0x5d6e8f]  GCTaskThread::GCTaskThread(GCTaskManager*, unsigned int, unsigned int)+0x15f
V  [libjvm.so+0x5d5c4b]  GCTaskManager::initialize()+0x3ab
V  [libjvm.so+0x94600d]  ParallelScavengeHeap::initialize()+0x34d
V  [libjvm.so+0xa8dd53]  Universe::initialize_heap()+0xf3
V  [libjvm.so+0xa8e2be]  universe_init()+0x3e
V  [libjvm.so+0x63c925]  init_globals()+0x65
V  [libjvm.so+0xa719be]  Threads::create_vm(JavaVMInitArgs*, bool*)+0x23e
V  [libjvm.so+0x6d11c4]  JNI_CreateJavaVM+0x74
C  [libjli.so+0x745e]  JavaMain+0x9e
C  [libpthread.so.0+0x76fa]  start_thread+0xca


---------------  P R O C E S S  ---------------

Java Threads: ( => current thread )

Other Threads:

=>0x00007f0b8c009800 (exited) JavaThread "Unknown thread" [_thread_in_vm, id=16118, stack(0x00007f0b9559a000,0x00007f0b9569b000)]

VM state:not at safepoint (not fully initialized)

VM Mutex/Monitor currently owned by a thread: None

GC Heap History (0 events):
No events

Deoptimization events (0 events):
No events

Internal exceptions (0 events):
No events

Events (0 events):
No events


Dynamic libraries:
00400000-00401000 r-xp 00000000 08:03 4720056                            /usr/lib/jvm/java-8-oracle/bin/java
00600000-00601000 rw-p 00000000 08:03 4720056                            /usr/lib/jvm/java-8-oracle/bin/java
02397000-023b8000 rw-p 00000000 00:00 0                                  [heap]
a3800000-a7700000 rw-p 00000000 00:00 0 
a7700000-e1300000 ---p 00000000 00:00 0 
e1300000-e3200000 rw-p 00000000 00:00 0 
e3200000-100000000 ---p 00000000 00:00 0 
7f0b7d000000-7f0b7d270000 rwxp 00000000 00:00 0 
7f0b7d270000-7f0b8c000000 ---p 00000000 00:00 0 
7f0b8c000000-7f0b8c039000 rw-p 00000000 00:00 0 
7f0b8c039000-7f0b90000000 ---p 00000000 00:00 0 
7f0b91ae3000-7f0b91d6a000 rw-p 00000000 00:00 0 
7f0b91d6a000-7f0b91d6b000 ---p 00000000 00:00 0 
7f0b91d6b000-7f0b91e8b000 rw-p 00000000 00:00 0 
7f0b91e8b000-7f0b92059000 ---p 00000000 00:00 0 
7f0b92059000-7f0b92079000 rw-p 00000000 00:00 0 
7f0b92079000-7f0b92246000 ---p 00000000 00:00 0 
7f0b92246000-7f0b92256000 rw-p 00000000 00:00 0 
7f0b92256000-7f0b9233d000 ---p 00000000 00:00 0 
7f0b9233d000-7f0b92348000 rw-p 00000000 00:00 0 
7f0b92348000-7f0b926fe000 ---p 00000000 00:00 0 
7f0b926fe000-7f0b92718000 r-xp 00000000 08:03 4720462                    /usr/lib/jvm/java-8-oracle/jre/lib/amd64/libzip.so
7f0b92718000-7f0b92918000 ---p 0001a000 08:03 4720462                    /usr/lib/jvm/java-8-oracle/jre/lib/amd64/libzip.so
7f0b92918000-7f0b92919000 rw-p 0001a000 08:03 4720462                    /usr/lib/jvm/java-8-oracle/jre/lib/amd64/libzip.so
7f0b92919000-7f0b92924000 r-xp 00000000 08:03 9441840                    /lib/x86_64-linux-gnu/libnss_files-2.23.so
7f0b92924000-7f0b92b23000 ---p 0000b000 08:03 9441840                    /lib/x86_64-linux-gnu/libnss_files-2.23.so
7f0b92b23000-7f0b92b24000 r--p 0000a000 08:03 9441840                    /lib/x86_64-linux-gnu/libnss_files-2.23.so
7f0b92b24000-7f0b92b25000 rw-p 0000b000 08:03 9441840                    /lib/x86_64-linux-gnu/libnss_files-2.23.so
7f0b92b25000-7f0b92b2b000 rw-p 00000000 00:00 0 
7f0b92b2b000-7f0b92b36000 r-xp 00000000 08:03 9441850                    /lib/x86_64-linux-gnu/libnss_nis-2.23.so
7f0b92b36000-7f0b92d35000 ---p 0000b000 08:03 9441850                    /lib/x86_64-linux-gnu/libnss_nis-2.23.so
7f0b92d35000-7f0b92d36000 r--p 0000a000 08:03 9441850                    /lib/x86_64-linux-gnu/libnss_nis-2.23.so
7f0b92d36000-7f0b92d37000 rw-p 0000b000 08:03 9441850                    /lib/x86_64-linux-gnu/libnss_nis-2.23.so
7f0b92d37000-7f0b92d4d000 r-xp 00000000 08:03 9441834                    /lib/x86_64-linux-gnu/libnsl-2.23.so
7f0b92d4d000-7f0b92f4c000 ---p 00016000 08:03 9441834                    /lib/x86_64-linux-gnu/libnsl-2.23.so
7f0b92f4c000-7f0b92f4d000 r--p 00015000 08:03 9441834                    /lib/x86_64-linux-gnu/libnsl-2.23.so
7f0b92f4d000-7f0b92f4e000 rw-p 00016000 08:03 9441834                    /lib/x86_64-linux-gnu/libnsl-2.23.so
7f0b92f4e000-7f0b92f50000 rw-p 00000000 00:00 0 
7f0b92f50000-7f0b92f58000 r-xp 00000000 08:03 9441836                    /lib/x86_64-linux-gnu/libnss_compat-2.23.so
7f0b92f58000-7f0b93157000 ---p 00008000 08:03 9441836                    /lib/x86_64-linux-gnu/libnss_compat-2.23.so
7f0b93157000-7f0b93158000 r--p 00007000 08:03 9441836                    /lib/x86_64-linux-gnu/libnss_compat-2.23.so
7f0b93158000-7f0b93159000 rw-p 00008000 08:03 9441836                    /lib/x86_64-linux-gnu/libnss_compat-2.23.so
7f0b93159000-7f0b93184000 r-xp 00000000 08:03 4720496                    /usr/lib/jvm/java-8-oracle/jre/lib/amd64/libjava.so
7f0b93184000-7f0b93383000 ---p 0002b000 08:03 4720496                    /usr/lib/jvm/java-8-oracle/jre/lib/amd64/libjava.so
7f0b93383000-7f0b93385000 rw-p 0002a000 08:03 4720496                    /usr/lib/jvm/java-8-oracle/jre/lib/amd64/libjava.so
7f0b93385000-7f0b93392000 r-xp 00000000 08:03 4720436                    /usr/lib/jvm/java-8-oracle/jre/lib/amd64/libverify.so
7f0b93392000-7f0b93591000 ---p 0000d000 08:03 4720436                    /usr/lib/jvm/java-8-oracle/jre/lib/amd64/libverify.so
7f0b93591000-7f0b93593000 rw-p 0000c000 08:03 4720436                    /usr/lib/jvm/java-8-oracle/jre/lib/amd64/libverify.so
7f0b93593000-7f0b9359a000 r-xp 00000000 08:03 9441895                    /lib/x86_64-linux-gnu/librt-2.23.so
7f0b9359a000-7f0b93799000 ---p 00007000 08:03 9441895                    /lib/x86_64-linux-gnu/librt-2.23.so
7f0b93799000-7f0b9379a000 r--p 00006000 08:03 9441895                    /lib/x86_64-linux-gnu/librt-2.23.so
7f0b9379a000-7f0b9379b000 rw-p 00007000 08:03 9441895                    /lib/x86_64-linux-gnu/librt-2.23.so
7f0b9379b000-7f0b938a3000 r-xp 00000000 08:03 9441811                    /lib/x86_64-linux-gnu/libm-2.23.so
7f0b938a3000-7f0b93aa2000 ---p 00108000 08:03 9441811                    /lib/x86_64-linux-gnu/libm-2.23.so
7f0b93aa2000-7f0b93aa3000 r--p 00107000 08:03 9441811                    /lib/x86_64-linux-gnu/libm-2.23.so
7f0b93aa3000-7f0b93aa4000 rw-p 00108000 08:03 9441811                    /lib/x86_64-linux-gnu/libm-2.23.so
7f0b93aa4000-7f0b94771000 r-xp 00000000 08:03 4720500                    /usr/lib/jvm/java-8-oracle/jre/lib/amd64/server/libjvm.so
7f0b94771000-7f0b94970000 ---p 00ccd000 08:03 4720500                    /usr/lib/jvm/java-8-oracle/jre/lib/amd64/server/libjvm.so
7f0b94970000-7f0b94a49000 rw-p 00ccc000 08:03 4720500                    /usr/lib/jvm/java-8-oracle/jre/lib/amd64/server/libjvm.so
7f0b94a49000-7f0b94a94000 rw-p 00000000 00:00 0 
7f0b94a94000-7f0b94c54000 r-xp 00000000 08:03 9441741                    /lib/x86_64-linux-gnu/libc-2.23.so
7f0b94c54000-7f0b94e53000 ---p 001c0000 08:03 9441741                    /lib/x86_64-linux-gnu/libc-2.23.so
7f0b94e53000-7f0b94e57000 r--p 001bf000 08:03 9441741                    /lib/x86_64-linux-gnu/libc-2.23.so
7f0b94e57000-7f0b94e59000 rw-p 001c3000 08:03 9441741                    /lib/x86_64-linux-gnu/libc-2.23.so
7f0b94e59000-7f0b94e5d000 rw-p 00000000 00:00 0 
7f0b94e5d000-7f0b94e60000 r-xp 00000000 08:03 9441765                    /lib/x86_64-linux-gnu/libdl-2.23.so
7f0b94e60000-7f0b9505f000 ---p 00003000 08:03 9441765                    /lib/x86_64-linux-gnu/libdl-2.23.so
7f0b9505f000-7f0b95060000 r--p 00002000 08:03 9441765                    /lib/x86_64-linux-gnu/libdl-2.23.so
7f0b95060000-7f0b95061000 rw-p 00003000 08:03 9441765                    /lib/x86_64-linux-gnu/libdl-2.23.so
7f0b95061000-7f0b95076000 r-xp 00000000 08:03 4602812                    /usr/lib/jvm/java-8-oracle/lib/amd64/jli/libjli.so
7f0b95076000-7f0b95276000 ---p 00015000 08:03 4602812                    /usr/lib/jvm/java-8-oracle/lib/amd64/jli/libjli.so
7f0b95276000-7f0b95277000 rw-p 00015000 08:03 4602812                    /usr/lib/jvm/java-8-oracle/lib/amd64/jli/libjli.so
7f0b95277000-7f0b9528f000 r-xp 00000000 08:03 9441887                    /lib/x86_64-linux-gnu/libpthread-2.23.so
7f0b9528f000-7f0b9548e000 ---p 00018000 08:03 9441887                    /lib/x86_64-linux-gnu/libpthread-2.23.so
7f0b9548e000-7f0b9548f000 r--p 00017000 08:03 9441887                    /lib/x86_64-linux-gnu/libpthread-2.23.so
7f0b9548f000-7f0b95490000 rw-p 00018000 08:03 9441887                    /lib/x86_64-linux-gnu/libpthread-2.23.so
7f0b95490000-7f0b95494000 rw-p 00000000 00:00 0 
7f0b95494000-7f0b954ba000 r-xp 00000000 08:03 9441713                    /lib/x86_64-linux-gnu/ld-2.23.so
7f0b9559a000-7f0b9559d000 ---p 00000000 00:00 0 
7f0b9559d000-7f0b9569f000 rw-p 00000000 00:00 0 
7f0b956ad000-7f0b956b5000 rw-s 00000000 08:03 2491197                    /tmp/hsperfdata_ashmeet/16114
7f0b956b5000-7f0b956b6000 rw-p 00000000 00:00 0 
7f0b956b6000-7f0b956b7000 r--p 00000000 00:00 0 
7f0b956b7000-7f0b956b9000 rw-p 00000000 00:00 0 
7f0b956b9000-7f0b956ba000 r--p 00025000 08:03 9441713                    /lib/x86_64-linux-gnu/ld-2.23.so
7f0b956ba000-7f0b956bb000 rw-p 00026000 08:03 9441713                    /lib/x86_64-linux-gnu/ld-2.23.so
7f0b956bb000-7f0b956bc000 rw-p 00000000 00:00 0 
7ffc1abc3000-7ffc1abe4000 rw-p 00000000 00:00 0                          [stack]
7ffc1abf3000-7ffc1abf5000 r--p 00000000 00:00 0                          [vvar]
7ffc1abf5000-7ffc1abf7000 r-xp 00000000 00:00 0                          [vdso]
ffffffffff600000-ffffffffff601000 r-xp 00000000 00:00 0                  [vsyscall]

VM Arguments:
java_command: <unknown>
java_class_path (initial): .
Launcher Type: SUN_STANDARD

Environment Variables:
JAVA_HOME=/usr/lib/jvm/java-8-oracle
PATH=/usr/local/sbin:/usr/local/bin:/usr/sbin:/usr/bin:/sbin:/bin:/usr/games:/usr/local/games:/snap/bin:/usr/lib/jvm/java-8-oracle/bin:/usr/lib/jvm/java-8-oracle/db/bin:/usr/lib/jvm/java-8-oracle/jre/bin
LD_LIBRARY_PATH=/usr/lib/jvm/java-8-oracle/jre/lib/amd64:/usr/lib/jvm/java-8-oracle/jre/lib/i386:
SHELL=/bin/bash
DISPLAY=:0

Signal Handlers:
SIGSEGV: [libjvm.so+0xac64b0], sa_mask[0]=11111111011111111101111111111110, sa_flags=SA_RESTART|SA_SIGINFO
SIGBUS: [libjvm.so+0xac64b0], sa_mask[0]=11111111011111111101111111111110, sa_flags=SA_RESTART|SA_SIGINFO
SIGFPE: [libjvm.so+0x91f950], sa_mask[0]=11111111011111111101111111111110, sa_flags=SA_RESTART|SA_SIGINFO
SIGPIPE: [libjvm.so+0x91f950], sa_mask[0]=11111111011111111101111111111110, sa_flags=SA_RESTART|SA_SIGINFO
SIGXFSZ: [libjvm.so+0x91f950], sa_mask[0]=11111111011111111101111111111110, sa_flags=SA_RESTART|SA_SIGINFO
SIGILL: [libjvm.so+0x91f950], sa_mask[0]=11111111011111111101111111111110, sa_flags=SA_RESTART|SA_SIGINFO
SIGUSR1: SIG_DFL, sa_mask[0]=00000000000000000000000000000000, sa_flags=none
SIGUSR2: [libjvm.so+0x920f80], sa_mask[0]=00100000000000000000000000000000, sa_flags=SA_RESTART|SA_SIGINFO
SIGHUP: SIG_DFL, sa_mask[0]=00000000000000000000000000000000, sa_flags=none
SIGINT: SIG_IGN, sa_mask[0]=00000000000000000000000000000000, sa_flags=none
SIGTERM: SIG_DFL, sa_mask[0]=00000000000000000000000000000000, sa_flags=none
SIGQUIT: SIG_DFL, sa_mask[0]=00000000000000000000000000000000, sa_flags=none


---------------  S Y S T E M  ---------------

OS:DISTRIB_ID=Ubuntu
DISTRIB_RELEASE=16.04
DISTRIB_CODENAME=xenial
DISTRIB_DESCRIPTION="Ubuntu 16.04.1 LTS"

uname:Linux 4.4.0-45-generic #66-Ubuntu SMP Wed Oct 19 14:12:37 UTC 2016 x86_64
libc:glibc 2.23 NPTL 2.23 
rlimit: STACK 8192k, CORE 0k, NPROC 23502, NOFILE 65536, AS infinity
load average:1.87 2.11 0.99

/proc/meminfo:
MemTotal:        6056748 kB
MemFree:         2330676 kB
MemAvailable:    3068020 kB
Buffers:           74672 kB
Cached:          1164884 kB
SwapCached:            0 kB
Active:          2565548 kB
Inactive:         691552 kB
Active(anon):    2019940 kB
Inactive(anon):   326756 kB
Active(file):     545608 kB
Inactive(file):   364796 kB
Unevictable:          32 kB
Mlocked:              32 kB
SwapTotal:             0 kB
SwapFree:              0 kB
Dirty:                96 kB
Writeback:             0 kB
AnonPages:       2017644 kB
Mapped:           285376 kB
Shmem:            329144 kB
Slab:             166428 kB
SReclaimable:      81572 kB
SUnreclaim:        84856 kB
KernelStack:      199696 kB
PageTables:        58136 kB
NFS_Unstable:          0 kB
Bounce:                0 kB
WritebackTmp:          0 kB
CommitLimit:     3028372 kB
Committed_AS:   17825452 kB
VmallocTotal:   34359738367 kB
VmallocUsed:           0 kB
VmallocChunk:          0 kB
HardwareCorrupted:     0 kB
AnonHugePages:    788480 kB
CmaTotal:              0 kB
CmaFree:               0 kB
HugePages_Total:       0
HugePages_Free:        0
HugePages_Rsvd:        0
HugePages_Surp:        0
Hugepagesize:       2048 kB
DirectMap4k:      110848 kB
DirectMap2M:     6127616 kB


CPU:total 4 (2 cores per cpu, 2 threads per core) family 6 model 42 stepping 7, cmov, cx8, fxsr, mmx, sse, sse2, sse3, ssse3, sse4.1, sse4.2, popcnt, avx, aes, clmul, ht, tsc, tscinvbit

/proc/cpuinfo:
processor	: 0
vendor_id	: GenuineIntel
cpu family	: 6
model		: 42
model name	: Intel(R) Core(TM) i5-2410M CPU @ 2.30GHz
stepping	: 7
microcode	: 0x29
cpu MHz		: 2749.757
cache size	: 3072 KB
physical id	: 0
siblings	: 4
core id		: 0
cpu cores	: 2
apicid		: 0
initial apicid	: 0
fpu		: yes
fpu_exception	: yes
cpuid level	: 13
wp		: yes
flags		: fpu vme de pse tsc msr pae mce cx8 apic sep mtrr pge mca cmov pat pse36 clflush dts acpi mmx fxsr sse sse2 ss ht tm pbe syscall nx rdtscp lm constant_tsc arch_perfmon pebs bts rep_good nopl xtopology nonstop_tsc aperfmperf eagerfpu pni pclmulqdq dtes64 monitor ds_cpl vmx est tm2 ssse3 cx16 xtpr pdcm pcid sse4_1 sse4_2 x2apic popcnt tsc_deadline_timer aes xsave avx lahf_lm epb tpr_shadow vnmi flexpriority ept vpid xsaveopt dtherm ida arat pln pts
bugs		:
bogomips	: 4589.60
clflush size	: 64
cache_alignment	: 64
address sizes	: 36 bits physical, 48 bits virtual
power management:

processor	: 1
vendor_id	: GenuineIntel
cpu family	: 6
model		: 42
model name	: Intel(R) Core(TM) i5-2410M CPU @ 2.30GHz
stepping	: 7
microcode	: 0x29
cpu MHz		: 2719.750
cache size	: 3072 KB
physical id	: 0
siblings	: 4
core id		: 0
cpu cores	: 2
apicid		: 1
initial apicid	: 1
fpu		: yes
fpu_exception	: yes
cpuid level	: 13
wp		: yes
flags		: fpu vme de pse tsc msr pae mce cx8 apic sep mtrr pge mca cmov pat pse36 clflush dts acpi mmx fxsr sse sse2 ss ht tm pbe syscall nx rdtscp lm constant_tsc arch_perfmon pebs bts rep_good nopl xtopology nonstop_tsc aperfmperf eagerfpu pni pclmulqdq dtes64 monitor ds_cpl vmx est tm2 ssse3 cx16 xtpr pdcm pcid sse4_1 sse4_2 x2apic popcnt tsc_deadline_timer aes xsave avx lahf_lm epb tpr_shadow vnmi flexpriority ept vpid xsaveopt dtherm ida arat pln pts
bugs		:
bogomips	: 4589.60
clflush size	: 64
cache_alignment	: 64
address sizes	: 36 bits physical, 48 bits virtual
power management:

processor	: 2
vendor_id	: GenuineIntel
cpu family	: 6
model		: 42
model name	: Intel(R) Core(TM) i5-2410M CPU @ 2.30GHz
stepping	: 7
microcode	: 0x29
cpu MHz		: 2699.984
cache size	: 3072 KB
physical id	: 0
siblings	: 4
core id		: 1
cpu cores	: 2
apicid		: 2
initial apicid	: 2
fpu		: yes
fpu_exception	: yes
cpuid level	: 13
wp		: yes
flags		: fpu vme de pse tsc msr pae mce cx8 apic sep mtrr pge mca cmov pat pse36 clflush dts acpi mmx fxsr sse sse2 ss ht tm pbe syscall nx rdtscp lm constant_tsc arch_perfmon pebs bts rep_good nopl xtopology nonstop_tsc aperfmperf eagerfpu pni pclmulqdq dtes64 monitor ds_cpl vmx est tm2 ssse3 cx16 xtpr pdcm pcid sse4_1 sse4_2 x2apic popcnt tsc_deadline_timer aes xsave avx lahf_lm epb tpr_shadow vnmi flexpriority ept vpid xsaveopt dtherm ida arat pln pts
bugs		:
bogomips	: 4589.60
clflush size	: 64
cache_alignment	: 64
address sizes	: 36 bits physical, 48 bits virtual
power management:

processor	: 3
vendor_id	: GenuineIntel
cpu family	: 6
model		: 42
model name	: Intel(R) Core(TM) i5-2410M CPU @ 2.30GHz
stepping	: 7
microcode	: 0x29
cpu MHz		: 2699.984
cache size	: 3072 KB
physical id	: 0
siblings	: 4
core id		: 1
cpu cores	: 2
apicid		: 3
initial apicid	: 3
fpu		: yes
fpu_exception	: yes
cpuid level	: 13
wp		: yes
flags		: fpu vme de pse tsc msr pae mce cx8 apic sep mtrr pge mca cmov pat pse36 clflush dts acpi mmx fxsr sse sse2 ss ht tm pbe syscall nx rdtscp lm constant_tsc arch_perfmon pebs bts rep_good nopl xtopology nonstop_tsc aperfmperf eagerfpu pni pclmulqdq dtes64 monitor ds_cpl vmx est tm2 ssse3 cx16 xtpr pdcm pcid sse4_1 sse4_2 x2apic popcnt tsc_deadline_timer aes xsave avx lahf_lm epb tpr_shadow vnmi flexpriority ept vpid xsaveopt dtherm ida arat pln pts
bugs		:
bogomips	: 4589.60
clflush size	: 64
cache_alignment	: 64
address sizes	: 36 bits physical, 48 bits virtual
power management:



Memory: 4k page, physical 6056748k(2330676k free), swap 0k(0k free)

vm_info: Java HotSpot(TM) 64-Bit Server VM (25.111-b14) for linux-amd64 JRE (1.8.0_111-b14), built on Sep 22 2016 16:14:03 by "java_re" with gcc 4.3.0 20080428 (Red Hat 4.3.0-8)

time: Sun Oct 30 08:49:05 2016
elapsed time: 0 seconds (0d 0h 0m 0s)

